Analysis & Synthesis report for DSD
Thu Nov 23 00:00:32 2023
Quartus Prime Version 22.1std.2 Build 922 07/20/2023 SC Lite Edition


---------------------
; Table of Contents ;
---------------------
  1. Legal Notice
  2. Analysis & Synthesis Summary
  3. Analysis & Synthesis Settings
  4. Parallel Compilation
  5. Analysis & Synthesis Source Files Read
  6. Analysis & Synthesis Resource Usage Summary
  7. Analysis & Synthesis Resource Utilization by Entity
  8. General Register Statistics
  9. Inverted Register Statistics
 10. Parameter Settings for Inferred Entity Instance: lpm_divide:Mod0
 11. Parameter Settings for Inferred Entity Instance: lpm_divide:Div0
 12. Parameter Settings for Inferred Entity Instance: lpm_divide:Mod1
 13. Parameter Settings for Inferred Entity Instance: lpm_divide:Div1
 14. Parameter Settings for Inferred Entity Instance: lpm_divide:Mod2
 15. Parameter Settings for Inferred Entity Instance: lpm_divide:Div2
 16. Parameter Settings for Inferred Entity Instance: lpm_divide:Mod3
 17. Parameter Settings for Inferred Entity Instance: lpm_divide:Div3
 18. Parameter Settings for Inferred Entity Instance: lpm_divide:Mod4
 19. Post-Synthesis Netlist Statistics for Top Partition
 20. Elapsed Time Per Partition
 21. Analysis & Synthesis Messages



----------------
; Legal Notice ;
----------------
Copyright (C) 2023  Intel Corporation. All rights reserved.
Your use of Intel Corporation's design tools, logic functions 
and other software and tools, and any partner logic 
functions, and any output files from any of the foregoing 
(including device programming or simulation files), and any 
associated documentation or information are expressly subject 
to the terms and conditions of the Intel Program License 
Subscription Agreement, the Intel Quartus Prime License Agreement,
the Intel FPGA IP License Agreement, or other applicable license
agreement, including, without limitation, that your use is for
the sole purpose of programming logic devices manufactured by
Intel and sold by Intel or its authorized distributors.  Please
refer to the applicable agreement for further details, at
https://fpgasoftware.intel.com/eula.



+-------------------------------------------------------------------------------------+
; Analysis & Synthesis Summary                                                        ;
+------------------------------------+------------------------------------------------+
; Analysis & Synthesis Status        ; Successful - Thu Nov 23 00:00:31 2023          ;
; Quartus Prime Version              ; 22.1std.2 Build 922 07/20/2023 SC Lite Edition ;
; Revision Name                      ; DSD                                            ;
; Top-level Entity Name              ; DSD                                            ;
; Family                             ; MAX 10                                         ;
; Total logic elements               ; 10,354                                         ;
;     Total combinational functions  ; 10,354                                         ;
;     Dedicated logic registers      ; 84                                             ;
; Total registers                    ; 84                                             ;
; Total pins                         ; 39                                             ;
; Total virtual pins                 ; 0                                              ;
; Total memory bits                  ; 0                                              ;
; Embedded Multiplier 9-bit elements ; 0                                              ;
; Total PLLs                         ; 0                                              ;
; UFM blocks                         ; 0                                              ;
; ADC blocks                         ; 0                                              ;
+------------------------------------+------------------------------------------------+


+------------------------------------------------------------------------------------------------------------+
; Analysis & Synthesis Settings                                                                              ;
+------------------------------------------------------------------+--------------------+--------------------+
; Option                                                           ; Setting            ; Default Value      ;
+------------------------------------------------------------------+--------------------+--------------------+
; Device                                                           ; 10M50DCF484C7G     ;                    ;
; Top-level entity name                                            ; DSD                ; DSD                ;
; Family name                                                      ; MAX 10             ; Cyclone V          ;
; Use smart compilation                                            ; Off                ; Off                ;
; Enable parallel Assembler and Timing Analyzer during compilation ; On                 ; On                 ;
; Enable compact report table                                      ; Off                ; Off                ;
; Restructure Multiplexers                                         ; Auto               ; Auto               ;
; Create Debugging Nodes for IP Cores                              ; Off                ; Off                ;
; Preserve fewer node names                                        ; On                 ; On                 ;
; Intel FPGA IP Evaluation Mode                                    ; Enable             ; Enable             ;
; Verilog Version                                                  ; Verilog_2001       ; Verilog_2001       ;
; VHDL Version                                                     ; VHDL_1993          ; VHDL_1993          ;
; State Machine Processing                                         ; Auto               ; Auto               ;
; Safe State Machine                                               ; Off                ; Off                ;
; Extract Verilog State Machines                                   ; On                 ; On                 ;
; Extract VHDL State Machines                                      ; On                 ; On                 ;
; Ignore Verilog initial constructs                                ; Off                ; Off                ;
; Iteration limit for constant Verilog loops                       ; 5000               ; 5000               ;
; Iteration limit for non-constant Verilog loops                   ; 250                ; 250                ;
; Add Pass-Through Logic to Inferred RAMs                          ; On                 ; On                 ;
; Infer RAMs from Raw Logic                                        ; On                 ; On                 ;
; Parallel Synthesis                                               ; On                 ; On                 ;
; DSP Block Balancing                                              ; Auto               ; Auto               ;
; NOT Gate Push-Back                                               ; On                 ; On                 ;
; Power-Up Don't Care                                              ; On                 ; On                 ;
; Remove Redundant Logic Cells                                     ; Off                ; Off                ;
; Remove Duplicate Registers                                       ; On                 ; On                 ;
; Ignore CARRY Buffers                                             ; Off                ; Off                ;
; Ignore CASCADE Buffers                                           ; Off                ; Off                ;
; Ignore GLOBAL Buffers                                            ; Off                ; Off                ;
; Ignore ROW GLOBAL Buffers                                        ; Off                ; Off                ;
; Ignore LCELL Buffers                                             ; Off                ; Off                ;
; Ignore SOFT Buffers                                              ; On                 ; On                 ;
; Limit AHDL Integers to 32 Bits                                   ; Off                ; Off                ;
; Optimization Technique                                           ; Balanced           ; Balanced           ;
; Carry Chain Length                                               ; 70                 ; 70                 ;
; Auto Carry Chains                                                ; On                 ; On                 ;
; Auto Open-Drain Pins                                             ; On                 ; On                 ;
; Perform WYSIWYG Primitive Resynthesis                            ; Off                ; Off                ;
; Auto ROM Replacement                                             ; On                 ; On                 ;
; Auto RAM Replacement                                             ; On                 ; On                 ;
; Auto DSP Block Replacement                                       ; On                 ; On                 ;
; Auto Shift Register Replacement                                  ; Auto               ; Auto               ;
; Allow Shift Register Merging across Hierarchies                  ; Auto               ; Auto               ;
; Auto Clock Enable Replacement                                    ; On                 ; On                 ;
; Strict RAM Replacement                                           ; Off                ; Off                ;
; Allow Synchronous Control Signals                                ; On                 ; On                 ;
; Force Use of Synchronous Clear Signals                           ; Off                ; Off                ;
; Auto RAM Block Balancing                                         ; On                 ; On                 ;
; Auto RAM to Logic Cell Conversion                                ; Off                ; Off                ;
; Auto Resource Sharing                                            ; Off                ; Off                ;
; Allow Any RAM Size For Recognition                               ; Off                ; Off                ;
; Allow Any ROM Size For Recognition                               ; Off                ; Off                ;
; Allow Any Shift Register Size For Recognition                    ; Off                ; Off                ;
; Use LogicLock Constraints during Resource Balancing              ; On                 ; On                 ;
; Ignore translate_off and synthesis_off directives                ; Off                ; Off                ;
; Timing-Driven Synthesis                                          ; On                 ; On                 ;
; Report Parameter Settings                                        ; On                 ; On                 ;
; Report Source Assignments                                        ; On                 ; On                 ;
; Report Connectivity Checks                                       ; On                 ; On                 ;
; Ignore Maximum Fan-Out Assignments                               ; Off                ; Off                ;
; Synchronization Register Chain Length                            ; 2                  ; 2                  ;
; Power Optimization During Synthesis                              ; Normal compilation ; Normal compilation ;
; HDL message level                                                ; Level2             ; Level2             ;
; Suppress Register Optimization Related Messages                  ; Off                ; Off                ;
; Number of Removed Registers Reported in Synthesis Report         ; 5000               ; 5000               ;
; Number of Swept Nodes Reported in Synthesis Report               ; 5000               ; 5000               ;
; Number of Inverted Registers Reported in Synthesis Report        ; 100                ; 100                ;
; Clock MUX Protection                                             ; On                 ; On                 ;
; Auto Gated Clock Conversion                                      ; Off                ; Off                ;
; Block Design Naming                                              ; Auto               ; Auto               ;
; SDC constraint protection                                        ; Off                ; Off                ;
; Synthesis Effort                                                 ; Auto               ; Auto               ;
; Shift Register Replacement - Allow Asynchronous Clear Signal     ; On                 ; On                 ;
; Pre-Mapping Resynthesis Optimization                             ; Off                ; Off                ;
; Analysis & Synthesis Message Level                               ; Medium             ; Medium             ;
; Disable Register Merging Across Hierarchies                      ; Auto               ; Auto               ;
; Resource Aware Inference For Block RAM                           ; On                 ; On                 ;
+------------------------------------------------------------------+--------------------+--------------------+


+------------------------------------------+
; Parallel Compilation                     ;
+----------------------------+-------------+
; Processors                 ; Number      ;
+----------------------------+-------------+
; Number detected on machine ; 16          ;
; Maximum allowed            ; 16          ;
;                            ;             ;
; Average used               ; 1.01        ;
; Maximum used               ; 16          ;
;                            ;             ;
; Usage by Processor         ; % Time Used ;
;     Processor 1            ; 100.0%      ;
;     Processor 2            ;   0.1%      ;
;     Processor 3            ;   0.1%      ;
;     Processor 4            ;   0.1%      ;
;     Processor 5            ;   0.1%      ;
;     Processor 6            ;   0.1%      ;
;     Processors 7-16        ;   0.1%      ;
+----------------------------+-------------+


+-----------------------------------------------------------------------------------------------------------------------------------------------------------------------------+
; Analysis & Synthesis Source Files Read                                                                                                                                      ;
+----------------------------------+-----------------+------------------------------+-------------------------------------------------------------------------------+---------+
; File Name with User-Entered Path ; Used in Netlist ; File Type                    ; File Name with Absolute Path                                                  ; Library ;
+----------------------------------+-----------------+------------------------------+-------------------------------------------------------------------------------+---------+
; playground.vhd                   ; yes             ; User VHDL File               ; C:/Users/emerg/Desktop/GUC/Project/playground.vhd                             ;         ;
; work/7_segment.vhd               ; yes             ; User VHDL File               ; C:/Users/emerg/Desktop/GUC/Project/work/7_segment.vhd                         ;         ;
; work/motor_driver.vhd            ; yes             ; User VHDL File               ; C:/Users/emerg/Desktop/GUC/Project/work/motor_driver.vhd                      ;         ;
; lpm_divide.tdf                   ; yes             ; Megafunction                 ; c:/intelfpga_lite/22.1std/quartus/libraries/megafunctions/lpm_divide.tdf      ;         ;
; abs_divider.inc                  ; yes             ; Megafunction                 ; c:/intelfpga_lite/22.1std/quartus/libraries/megafunctions/abs_divider.inc     ;         ;
; sign_div_unsign.inc              ; yes             ; Megafunction                 ; c:/intelfpga_lite/22.1std/quartus/libraries/megafunctions/sign_div_unsign.inc ;         ;
; aglobal221.inc                   ; yes             ; Megafunction                 ; c:/intelfpga_lite/22.1std/quartus/libraries/megafunctions/aglobal221.inc      ;         ;
; db/lpm_divide_25o.tdf            ; yes             ; Auto-Generated Megafunction  ; C:/Users/emerg/Desktop/GUC/Project/db/lpm_divide_25o.tdf                      ;         ;
; db/abs_divider_4dg.tdf           ; yes             ; Auto-Generated Megafunction  ; C:/Users/emerg/Desktop/GUC/Project/db/abs_divider_4dg.tdf                     ;         ;
; db/alt_u_div_ske.tdf             ; yes             ; Auto-Generated Megafunction  ; C:/Users/emerg/Desktop/GUC/Project/db/alt_u_div_ske.tdf                       ;         ;
; db/add_sub_t3c.tdf               ; yes             ; Auto-Generated Megafunction  ; C:/Users/emerg/Desktop/GUC/Project/db/add_sub_t3c.tdf                         ;         ;
; db/add_sub_u3c.tdf               ; yes             ; Auto-Generated Megafunction  ; C:/Users/emerg/Desktop/GUC/Project/db/add_sub_u3c.tdf                         ;         ;
; db/lpm_abs_8b9.tdf               ; yes             ; Auto-Generated Megafunction  ; C:/Users/emerg/Desktop/GUC/Project/db/lpm_abs_8b9.tdf                         ;         ;
; db/lpm_divide_fbo.tdf            ; yes             ; Auto-Generated Megafunction  ; C:/Users/emerg/Desktop/GUC/Project/db/lpm_divide_fbo.tdf                      ;         ;
; db/abs_divider_kbg.tdf           ; yes             ; Auto-Generated Megafunction  ; C:/Users/emerg/Desktop/GUC/Project/db/abs_divider_kbg.tdf                     ;         ;
; db/alt_u_div_she.tdf             ; yes             ; Auto-Generated Megafunction  ; C:/Users/emerg/Desktop/GUC/Project/db/alt_u_div_she.tdf                       ;         ;
; db/lpm_abs_o99.tdf               ; yes             ; Auto-Generated Megafunction  ; C:/Users/emerg/Desktop/GUC/Project/db/lpm_abs_o99.tdf                         ;         ;
; db/lpm_divide_ibo.tdf            ; yes             ; Auto-Generated Megafunction  ; C:/Users/emerg/Desktop/GUC/Project/db/lpm_divide_ibo.tdf                      ;         ;
; db/abs_divider_nbg.tdf           ; yes             ; Auto-Generated Megafunction  ; C:/Users/emerg/Desktop/GUC/Project/db/abs_divider_nbg.tdf                     ;         ;
; db/alt_u_div_2ie.tdf             ; yes             ; Auto-Generated Megafunction  ; C:/Users/emerg/Desktop/GUC/Project/db/alt_u_div_2ie.tdf                       ;         ;
; db/lpm_abs_r99.tdf               ; yes             ; Auto-Generated Megafunction  ; C:/Users/emerg/Desktop/GUC/Project/db/lpm_abs_r99.tdf                         ;         ;
; db/lpm_divide_sco.tdf            ; yes             ; Auto-Generated Megafunction  ; C:/Users/emerg/Desktop/GUC/Project/db/lpm_divide_sco.tdf                      ;         ;
; db/abs_divider_1dg.tdf           ; yes             ; Auto-Generated Megafunction  ; C:/Users/emerg/Desktop/GUC/Project/db/abs_divider_1dg.tdf                     ;         ;
; db/alt_u_div_mke.tdf             ; yes             ; Auto-Generated Megafunction  ; C:/Users/emerg/Desktop/GUC/Project/db/alt_u_div_mke.tdf                       ;         ;
; db/lpm_abs_5b9.tdf               ; yes             ; Auto-Generated Megafunction  ; C:/Users/emerg/Desktop/GUC/Project/db/lpm_abs_5b9.tdf                         ;         ;
; db/lpm_divide_0do.tdf            ; yes             ; Auto-Generated Megafunction  ; C:/Users/emerg/Desktop/GUC/Project/db/lpm_divide_0do.tdf                      ;         ;
; db/abs_divider_5dg.tdf           ; yes             ; Auto-Generated Megafunction  ; C:/Users/emerg/Desktop/GUC/Project/db/abs_divider_5dg.tdf                     ;         ;
; db/alt_u_div_uke.tdf             ; yes             ; Auto-Generated Megafunction  ; C:/Users/emerg/Desktop/GUC/Project/db/alt_u_div_uke.tdf                       ;         ;
; db/lpm_abs_9b9.tdf               ; yes             ; Auto-Generated Megafunction  ; C:/Users/emerg/Desktop/GUC/Project/db/lpm_abs_9b9.tdf                         ;         ;
+----------------------------------+-----------------+------------------------------+-------------------------------------------------------------------------------+---------+


+------------------------------------------------------------------+
; Analysis & Synthesis Resource Usage Summary                      ;
+---------------------------------------------+--------------------+
; Resource                                    ; Usage              ;
+---------------------------------------------+--------------------+
; Estimated Total logic elements              ; 10,354             ;
;                                             ;                    ;
; Total combinational functions               ; 10354              ;
; Logic element usage by number of LUT inputs ;                    ;
;     -- 4 input functions                    ; 3191               ;
;     -- 3 input functions                    ; 3305               ;
;     -- <=2 input functions                  ; 3858               ;
;                                             ;                    ;
; Logic elements by mode                      ;                    ;
;     -- normal mode                          ; 6981               ;
;     -- arithmetic mode                      ; 3373               ;
;                                             ;                    ;
; Total registers                             ; 84                 ;
;     -- Dedicated logic registers            ; 84                 ;
;     -- I/O registers                        ; 0                  ;
;                                             ;                    ;
; I/O pins                                    ; 39                 ;
;                                             ;                    ;
; Embedded Multiplier 9-bit elements          ; 0                  ;
;                                             ;                    ;
; Maximum fan-out node                        ; carCountSignal[31] ;
; Maximum fan-out                             ; 409                ;
; Total fan-out                               ; 30185              ;
; Average fan-out                             ; 2.87               ;
+---------------------------------------------+--------------------+


+---------------------------------------------------------------------------------------------------------------------------------------------------------------------------------------------------------------------------------------------------------------------------------------------------------------------------------+
; Analysis & Synthesis Resource Utilization by Entity                                                                                                                                                                                                                                                                             ;
+---------------------------------------+---------------------+---------------------------+-------------+------------+--------------+---------+-----------+------+--------------+------------+---------------------------------------------------------------------------------------------------+-----------------+--------------+
; Compilation Hierarchy Node            ; Combinational ALUTs ; Dedicated Logic Registers ; Memory Bits ; UFM Blocks ; DSP Elements ; DSP 9x9 ; DSP 18x18 ; Pins ; Virtual Pins ; ADC blocks ; Full Hierarchy Name                                                                               ; Entity Name     ; Library Name ;
+---------------------------------------+---------------------+---------------------------+-------------+------------+--------------+---------+-----------+------+--------------+------------+---------------------------------------------------------------------------------------------------+-----------------+--------------+
; |DSD                                  ; 10354 (237)         ; 84 (52)                   ; 0           ; 0          ; 0            ; 0       ; 0         ; 39   ; 0            ; 0          ; |DSD                                                                                              ; DSD             ; work         ;
;    |lpm_divide:Div0|                  ; 558 (0)             ; 0 (0)                     ; 0           ; 0          ; 0            ; 0       ; 0         ; 0    ; 0            ; 0          ; |DSD|lpm_divide:Div0                                                                              ; lpm_divide      ; work         ;
;       |lpm_divide_fbo:auto_generated| ; 558 (0)             ; 0 (0)                     ; 0           ; 0          ; 0            ; 0       ; 0         ; 0    ; 0            ; 0          ; |DSD|lpm_divide:Div0|lpm_divide_fbo:auto_generated                                                ; lpm_divide_fbo  ; work         ;
;          |abs_divider_kbg:divider|    ; 558 (62)            ; 0 (0)                     ; 0           ; 0          ; 0            ; 0       ; 0         ; 0    ; 0            ; 0          ; |DSD|lpm_divide:Div0|lpm_divide_fbo:auto_generated|abs_divider_kbg:divider                        ; abs_divider_kbg ; work         ;
;             |alt_u_div_she:divider|   ; 449 (449)           ; 0 (0)                     ; 0           ; 0          ; 0            ; 0       ; 0         ; 0    ; 0            ; 0          ; |DSD|lpm_divide:Div0|lpm_divide_fbo:auto_generated|abs_divider_kbg:divider|alt_u_div_she:divider  ; alt_u_div_she   ; work         ;
;             |lpm_abs_8b9:my_abs_num|  ; 47 (47)             ; 0 (0)                     ; 0           ; 0          ; 0            ; 0       ; 0         ; 0    ; 0            ; 0          ; |DSD|lpm_divide:Div0|lpm_divide_fbo:auto_generated|abs_divider_kbg:divider|lpm_abs_8b9:my_abs_num ; lpm_abs_8b9     ; work         ;
;    |lpm_divide:Div1|                  ; 628 (0)             ; 0 (0)                     ; 0           ; 0          ; 0            ; 0       ; 0         ; 0    ; 0            ; 0          ; |DSD|lpm_divide:Div1                                                                              ; lpm_divide      ; work         ;
;       |lpm_divide_ibo:auto_generated| ; 628 (0)             ; 0 (0)                     ; 0           ; 0          ; 0            ; 0       ; 0         ; 0    ; 0            ; 0          ; |DSD|lpm_divide:Div1|lpm_divide_ibo:auto_generated                                                ; lpm_divide_ibo  ; work         ;
;          |abs_divider_nbg:divider|    ; 628 (58)            ; 0 (0)                     ; 0           ; 0          ; 0            ; 0       ; 0         ; 0    ; 0            ; 0          ; |DSD|lpm_divide:Div1|lpm_divide_ibo:auto_generated|abs_divider_nbg:divider                        ; abs_divider_nbg ; work         ;
;             |alt_u_div_2ie:divider|   ; 568 (568)           ; 0 (0)                     ; 0           ; 0          ; 0            ; 0       ; 0         ; 0    ; 0            ; 0          ; |DSD|lpm_divide:Div1|lpm_divide_ibo:auto_generated|abs_divider_nbg:divider|alt_u_div_2ie:divider  ; alt_u_div_2ie   ; work         ;
;             |lpm_abs_8b9:my_abs_num|  ; 2 (2)               ; 0 (0)                     ; 0           ; 0          ; 0            ; 0       ; 0         ; 0    ; 0            ; 0          ; |DSD|lpm_divide:Div1|lpm_divide_ibo:auto_generated|abs_divider_nbg:divider|lpm_abs_8b9:my_abs_num ; lpm_abs_8b9     ; work         ;
;    |lpm_divide:Div2|                  ; 797 (0)             ; 0 (0)                     ; 0           ; 0          ; 0            ; 0       ; 0         ; 0    ; 0            ; 0          ; |DSD|lpm_divide:Div2                                                                              ; lpm_divide      ; work         ;
;       |lpm_divide_sco:auto_generated| ; 797 (0)             ; 0 (0)                     ; 0           ; 0          ; 0            ; 0       ; 0         ; 0    ; 0            ; 0          ; |DSD|lpm_divide:Div2|lpm_divide_sco:auto_generated                                                ; lpm_divide_sco  ; work         ;
;          |abs_divider_1dg:divider|    ; 797 (52)            ; 0 (0)                     ; 0           ; 0          ; 0            ; 0       ; 0         ; 0    ; 0            ; 0          ; |DSD|lpm_divide:Div2|lpm_divide_sco:auto_generated|abs_divider_1dg:divider                        ; abs_divider_1dg ; work         ;
;             |alt_u_div_mke:divider|   ; 744 (744)           ; 0 (0)                     ; 0           ; 0          ; 0            ; 0       ; 0         ; 0    ; 0            ; 0          ; |DSD|lpm_divide:Div2|lpm_divide_sco:auto_generated|abs_divider_1dg:divider|alt_u_div_mke:divider  ; alt_u_div_mke   ; work         ;
;             |lpm_abs_8b9:my_abs_num|  ; 1 (1)               ; 0 (0)                     ; 0           ; 0          ; 0            ; 0       ; 0         ; 0    ; 0            ; 0          ; |DSD|lpm_divide:Div2|lpm_divide_sco:auto_generated|abs_divider_1dg:divider|lpm_abs_8b9:my_abs_num ; lpm_abs_8b9     ; work         ;
;    |lpm_divide:Div3|                  ; 864 (0)             ; 0 (0)                     ; 0           ; 0          ; 0            ; 0       ; 0         ; 0    ; 0            ; 0          ; |DSD|lpm_divide:Div3                                                                              ; lpm_divide      ; work         ;
;       |lpm_divide_0do:auto_generated| ; 864 (0)             ; 0 (0)                     ; 0           ; 0          ; 0            ; 0       ; 0         ; 0    ; 0            ; 0          ; |DSD|lpm_divide:Div3|lpm_divide_0do:auto_generated                                                ; lpm_divide_0do  ; work         ;
;          |abs_divider_5dg:divider|    ; 864 (44)            ; 0 (0)                     ; 0           ; 0          ; 0            ; 0       ; 0         ; 0    ; 0            ; 0          ; |DSD|lpm_divide:Div3|lpm_divide_0do:auto_generated|abs_divider_5dg:divider                        ; abs_divider_5dg ; work         ;
;             |alt_u_div_uke:divider|   ; 818 (818)           ; 0 (0)                     ; 0           ; 0          ; 0            ; 0       ; 0         ; 0    ; 0            ; 0          ; |DSD|lpm_divide:Div3|lpm_divide_0do:auto_generated|abs_divider_5dg:divider|alt_u_div_uke:divider  ; alt_u_div_uke   ; work         ;
;             |lpm_abs_8b9:my_abs_num|  ; 2 (2)               ; 0 (0)                     ; 0           ; 0          ; 0            ; 0       ; 0         ; 0    ; 0            ; 0          ; |DSD|lpm_divide:Div3|lpm_divide_0do:auto_generated|abs_divider_5dg:divider|lpm_abs_8b9:my_abs_num ; lpm_abs_8b9     ; work         ;
;    |lpm_divide:Mod0|                  ; 1522 (0)            ; 0 (0)                     ; 0           ; 0          ; 0            ; 0       ; 0         ; 0    ; 0            ; 0          ; |DSD|lpm_divide:Mod0                                                                              ; lpm_divide      ; work         ;
;       |lpm_divide_25o:auto_generated| ; 1522 (0)            ; 0 (0)                     ; 0           ; 0          ; 0            ; 0       ; 0         ; 0    ; 0            ; 0          ; |DSD|lpm_divide:Mod0|lpm_divide_25o:auto_generated                                                ; lpm_divide_25o  ; work         ;
;          |abs_divider_4dg:divider|    ; 1522 (8)            ; 0 (0)                     ; 0           ; 0          ; 0            ; 0       ; 0         ; 0    ; 0            ; 0          ; |DSD|lpm_divide:Mod0|lpm_divide_25o:auto_generated|abs_divider_4dg:divider                        ; abs_divider_4dg ; work         ;
;             |alt_u_div_ske:divider|   ; 1510 (1510)         ; 0 (0)                     ; 0           ; 0          ; 0            ; 0       ; 0         ; 0    ; 0            ; 0          ; |DSD|lpm_divide:Mod0|lpm_divide_25o:auto_generated|abs_divider_4dg:divider|alt_u_div_ske:divider  ; alt_u_div_ske   ; work         ;
;             |lpm_abs_8b9:my_abs_num|  ; 4 (4)               ; 0 (0)                     ; 0           ; 0          ; 0            ; 0       ; 0         ; 0    ; 0            ; 0          ; |DSD|lpm_divide:Mod0|lpm_divide_25o:auto_generated|abs_divider_4dg:divider|lpm_abs_8b9:my_abs_num ; lpm_abs_8b9     ; work         ;
;    |lpm_divide:Mod1|                  ; 1562 (0)            ; 0 (0)                     ; 0           ; 0          ; 0            ; 0       ; 0         ; 0    ; 0            ; 0          ; |DSD|lpm_divide:Mod1                                                                              ; lpm_divide      ; work         ;
;       |lpm_divide_25o:auto_generated| ; 1562 (0)            ; 0 (0)                     ; 0           ; 0          ; 0            ; 0       ; 0         ; 0    ; 0            ; 0          ; |DSD|lpm_divide:Mod1|lpm_divide_25o:auto_generated                                                ; lpm_divide_25o  ; work         ;
;          |abs_divider_4dg:divider|    ; 1562 (9)            ; 0 (0)                     ; 0           ; 0          ; 0            ; 0       ; 0         ; 0    ; 0            ; 0          ; |DSD|lpm_divide:Mod1|lpm_divide_25o:auto_generated|abs_divider_4dg:divider                        ; abs_divider_4dg ; work         ;
;             |alt_u_div_ske:divider|   ; 1497 (1497)         ; 0 (0)                     ; 0           ; 0          ; 0            ; 0       ; 0         ; 0    ; 0            ; 0          ; |DSD|lpm_divide:Mod1|lpm_divide_25o:auto_generated|abs_divider_4dg:divider|alt_u_div_ske:divider  ; alt_u_div_ske   ; work         ;
;             |lpm_abs_8b9:my_abs_num|  ; 56 (56)             ; 0 (0)                     ; 0           ; 0          ; 0            ; 0       ; 0         ; 0    ; 0            ; 0          ; |DSD|lpm_divide:Mod1|lpm_divide_25o:auto_generated|abs_divider_4dg:divider|lpm_abs_8b9:my_abs_num ; lpm_abs_8b9     ; work         ;
;    |lpm_divide:Mod2|                  ; 1480 (0)            ; 0 (0)                     ; 0           ; 0          ; 0            ; 0       ; 0         ; 0    ; 0            ; 0          ; |DSD|lpm_divide:Mod2                                                                              ; lpm_divide      ; work         ;
;       |lpm_divide_25o:auto_generated| ; 1480 (0)            ; 0 (0)                     ; 0           ; 0          ; 0            ; 0       ; 0         ; 0    ; 0            ; 0          ; |DSD|lpm_divide:Mod2|lpm_divide_25o:auto_generated                                                ; lpm_divide_25o  ; work         ;
;          |abs_divider_4dg:divider|    ; 1480 (9)            ; 0 (0)                     ; 0           ; 0          ; 0            ; 0       ; 0         ; 0    ; 0            ; 0          ; |DSD|lpm_divide:Mod2|lpm_divide_25o:auto_generated|abs_divider_4dg:divider                        ; abs_divider_4dg ; work         ;
;             |alt_u_div_ske:divider|   ; 1441 (1441)         ; 0 (0)                     ; 0           ; 0          ; 0            ; 0       ; 0         ; 0    ; 0            ; 0          ; |DSD|lpm_divide:Mod2|lpm_divide_25o:auto_generated|abs_divider_4dg:divider|alt_u_div_ske:divider  ; alt_u_div_ske   ; work         ;
;             |lpm_abs_8b9:my_abs_num|  ; 30 (30)             ; 0 (0)                     ; 0           ; 0          ; 0            ; 0       ; 0         ; 0    ; 0            ; 0          ; |DSD|lpm_divide:Mod2|lpm_divide_25o:auto_generated|abs_divider_4dg:divider|lpm_abs_8b9:my_abs_num ; lpm_abs_8b9     ; work         ;
;    |lpm_divide:Mod3|                  ; 1389 (0)            ; 0 (0)                     ; 0           ; 0          ; 0            ; 0       ; 0         ; 0    ; 0            ; 0          ; |DSD|lpm_divide:Mod3                                                                              ; lpm_divide      ; work         ;
;       |lpm_divide_25o:auto_generated| ; 1389 (0)            ; 0 (0)                     ; 0           ; 0          ; 0            ; 0       ; 0         ; 0    ; 0            ; 0          ; |DSD|lpm_divide:Mod3|lpm_divide_25o:auto_generated                                                ; lpm_divide_25o  ; work         ;
;          |abs_divider_4dg:divider|    ; 1389 (8)            ; 0 (0)                     ; 0           ; 0          ; 0            ; 0       ; 0         ; 0    ; 0            ; 0          ; |DSD|lpm_divide:Mod3|lpm_divide_25o:auto_generated|abs_divider_4dg:divider                        ; abs_divider_4dg ; work         ;
;             |alt_u_div_ske:divider|   ; 1357 (1357)         ; 0 (0)                     ; 0           ; 0          ; 0            ; 0       ; 0         ; 0    ; 0            ; 0          ; |DSD|lpm_divide:Mod3|lpm_divide_25o:auto_generated|abs_divider_4dg:divider|alt_u_div_ske:divider  ; alt_u_div_ske   ; work         ;
;             |lpm_abs_8b9:my_abs_num|  ; 24 (24)             ; 0 (0)                     ; 0           ; 0          ; 0            ; 0       ; 0         ; 0    ; 0            ; 0          ; |DSD|lpm_divide:Mod3|lpm_divide_25o:auto_generated|abs_divider_4dg:divider|lpm_abs_8b9:my_abs_num ; lpm_abs_8b9     ; work         ;
;    |lpm_divide:Mod4|                  ; 1231 (0)            ; 0 (0)                     ; 0           ; 0          ; 0            ; 0       ; 0         ; 0    ; 0            ; 0          ; |DSD|lpm_divide:Mod4                                                                              ; lpm_divide      ; work         ;
;       |lpm_divide_25o:auto_generated| ; 1231 (0)            ; 0 (0)                     ; 0           ; 0          ; 0            ; 0       ; 0         ; 0    ; 0            ; 0          ; |DSD|lpm_divide:Mod4|lpm_divide_25o:auto_generated                                                ; lpm_divide_25o  ; work         ;
;          |abs_divider_4dg:divider|    ; 1231 (8)            ; 0 (0)                     ; 0           ; 0          ; 0            ; 0       ; 0         ; 0    ; 0            ; 0          ; |DSD|lpm_divide:Mod4|lpm_divide_25o:auto_generated|abs_divider_4dg:divider                        ; abs_divider_4dg ; work         ;
;             |alt_u_div_ske:divider|   ; 1203 (1203)         ; 0 (0)                     ; 0           ; 0          ; 0            ; 0       ; 0         ; 0    ; 0            ; 0          ; |DSD|lpm_divide:Mod4|lpm_divide_25o:auto_generated|abs_divider_4dg:divider|alt_u_div_ske:divider  ; alt_u_div_ske   ; work         ;
;             |lpm_abs_8b9:my_abs_num|  ; 20 (20)             ; 0 (0)                     ; 0           ; 0          ; 0            ; 0       ; 0         ; 0    ; 0            ; 0          ; |DSD|lpm_divide:Mod4|lpm_divide_25o:auto_generated|abs_divider_4dg:divider|lpm_abs_8b9:my_abs_num ; lpm_abs_8b9     ; work         ;
;    |motor_driver:motorStage|          ; 51 (51)             ; 32 (32)                   ; 0           ; 0          ; 0            ; 0       ; 0         ; 0    ; 0            ; 0          ; |DSD|motor_driver:motorStage                                                                      ; motor_driver    ; work         ;
;    |seven_segment:digit0|             ; 7 (7)               ; 0 (0)                     ; 0           ; 0          ; 0            ; 0       ; 0         ; 0    ; 0            ; 0          ; |DSD|seven_segment:digit0                                                                         ; seven_segment   ; work         ;
;    |seven_segment:digit1|             ; 7 (7)               ; 0 (0)                     ; 0           ; 0          ; 0            ; 0       ; 0         ; 0    ; 0            ; 0          ; |DSD|seven_segment:digit1                                                                         ; seven_segment   ; work         ;
;    |seven_segment:digit2|             ; 7 (7)               ; 0 (0)                     ; 0           ; 0          ; 0            ; 0       ; 0         ; 0    ; 0            ; 0          ; |DSD|seven_segment:digit2                                                                         ; seven_segment   ; work         ;
;    |seven_segment:digit3|             ; 7 (7)               ; 0 (0)                     ; 0           ; 0          ; 0            ; 0       ; 0         ; 0    ; 0            ; 0          ; |DSD|seven_segment:digit3                                                                         ; seven_segment   ; work         ;
;    |seven_segment:digit4|             ; 7 (7)               ; 0 (0)                     ; 0           ; 0          ; 0            ; 0       ; 0         ; 0    ; 0            ; 0          ; |DSD|seven_segment:digit4                                                                         ; seven_segment   ; work         ;
+---------------------------------------+---------------------+---------------------------+-------------+------------+--------------+---------+-----------+------+--------------+------------+---------------------------------------------------------------------------------------------------+-----------------+--------------+
Note: For table entries with two numbers listed, the numbers in parentheses indicate the number of resources of the given type used by the specific entity alone. The numbers listed outside of parentheses indicate the total resources of the given type used by the specific entity and all of its sub-entities in the hierarchy.


+------------------------------------------------------+
; General Register Statistics                          ;
+----------------------------------------------+-------+
; Statistic                                    ; Value ;
+----------------------------------------------+-------+
; Total registers                              ; 84    ;
; Number of registers using Synchronous Clear  ; 32    ;
; Number of registers using Synchronous Load   ; 0     ;
; Number of registers using Asynchronous Clear ; 0     ;
; Number of registers using Asynchronous Load  ; 0     ;
; Number of registers using Clock Enable       ; 0     ;
; Number of registers using Preset             ; 0     ;
+----------------------------------------------+-------+


+--------------------------------------------------+
; Inverted Register Statistics                     ;
+----------------------------------------+---------+
; Inverted Register                      ; Fan out ;
+----------------------------------------+---------+
; carCountSignal[0]                      ; 14      ;
; Total number of inverted registers = 1 ;         ;
+----------------------------------------+---------+


+------------------------------------------------------------------+
; Parameter Settings for Inferred Entity Instance: lpm_divide:Mod0 ;
+------------------------+----------------+------------------------+
; Parameter Name         ; Value          ; Type                   ;
+------------------------+----------------+------------------------+
; LPM_WIDTHN             ; 32             ; Untyped                ;
; LPM_WIDTHD             ; 32             ; Untyped                ;
; LPM_NREPRESENTATION    ; SIGNED         ; Untyped                ;
; LPM_DREPRESENTATION    ; SIGNED         ; Untyped                ;
; LPM_PIPELINE           ; 0              ; Untyped                ;
; LPM_REMAINDERPOSITIVE  ; FALSE          ; Untyped                ;
; MAXIMIZE_SPEED         ; 5              ; Untyped                ;
; CBXI_PARAMETER         ; lpm_divide_25o ; Untyped                ;
; CARRY_CHAIN            ; MANUAL         ; Untyped                ;
; OPTIMIZE_FOR_SPEED     ; 5              ; Untyped                ;
; AUTO_CARRY_CHAINS      ; ON             ; AUTO_CARRY             ;
; IGNORE_CARRY_BUFFERS   ; OFF            ; IGNORE_CARRY           ;
; AUTO_CASCADE_CHAINS    ; ON             ; AUTO_CASCADE           ;
; IGNORE_CASCADE_BUFFERS ; OFF            ; IGNORE_CASCADE         ;
+------------------------+----------------+------------------------+
Note: In order to hide this table in the UI and the text report file, please set the "Show Parameter Settings in Synthesis Report" option in "Analysis and Synthesis Settings -> More Settings" to "Off".


+------------------------------------------------------------------+
; Parameter Settings for Inferred Entity Instance: lpm_divide:Div0 ;
+------------------------+----------------+------------------------+
; Parameter Name         ; Value          ; Type                   ;
+------------------------+----------------+------------------------+
; LPM_WIDTHN             ; 32             ; Untyped                ;
; LPM_WIDTHD             ; 5              ; Untyped                ;
; LPM_NREPRESENTATION    ; SIGNED         ; Untyped                ;
; LPM_DREPRESENTATION    ; SIGNED         ; Untyped                ;
; LPM_PIPELINE           ; 0              ; Untyped                ;
; LPM_REMAINDERPOSITIVE  ; FALSE          ; Untyped                ;
; MAXIMIZE_SPEED         ; 5              ; Untyped                ;
; CBXI_PARAMETER         ; lpm_divide_fbo ; Untyped                ;
; CARRY_CHAIN            ; MANUAL         ; Untyped                ;
; OPTIMIZE_FOR_SPEED     ; 5              ; Untyped                ;
; AUTO_CARRY_CHAINS      ; ON             ; AUTO_CARRY             ;
; IGNORE_CARRY_BUFFERS   ; OFF            ; IGNORE_CARRY           ;
; AUTO_CASCADE_CHAINS    ; ON             ; AUTO_CASCADE           ;
; IGNORE_CASCADE_BUFFERS ; OFF            ; IGNORE_CASCADE         ;
+------------------------+----------------+------------------------+
Note: In order to hide this table in the UI and the text report file, please set the "Show Parameter Settings in Synthesis Report" option in "Analysis and Synthesis Settings -> More Settings" to "Off".


+------------------------------------------------------------------+
; Parameter Settings for Inferred Entity Instance: lpm_divide:Mod1 ;
+------------------------+----------------+------------------------+
; Parameter Name         ; Value          ; Type                   ;
+------------------------+----------------+------------------------+
; LPM_WIDTHN             ; 32             ; Untyped                ;
; LPM_WIDTHD             ; 32             ; Untyped                ;
; LPM_NREPRESENTATION    ; SIGNED         ; Untyped                ;
; LPM_DREPRESENTATION    ; SIGNED         ; Untyped                ;
; LPM_PIPELINE           ; 0              ; Untyped                ;
; LPM_REMAINDERPOSITIVE  ; FALSE          ; Untyped                ;
; MAXIMIZE_SPEED         ; 5              ; Untyped                ;
; CBXI_PARAMETER         ; lpm_divide_25o ; Untyped                ;
; CARRY_CHAIN            ; MANUAL         ; Untyped                ;
; OPTIMIZE_FOR_SPEED     ; 5              ; Untyped                ;
; AUTO_CARRY_CHAINS      ; ON             ; AUTO_CARRY             ;
; IGNORE_CARRY_BUFFERS   ; OFF            ; IGNORE_CARRY           ;
; AUTO_CASCADE_CHAINS    ; ON             ; AUTO_CASCADE           ;
; IGNORE_CASCADE_BUFFERS ; OFF            ; IGNORE_CASCADE         ;
+------------------------+----------------+------------------------+
Note: In order to hide this table in the UI and the text report file, please set the "Show Parameter Settings in Synthesis Report" option in "Analysis and Synthesis Settings -> More Settings" to "Off".


+------------------------------------------------------------------+
; Parameter Settings for Inferred Entity Instance: lpm_divide:Div1 ;
+------------------------+----------------+------------------------+
; Parameter Name         ; Value          ; Type                   ;
+------------------------+----------------+------------------------+
; LPM_WIDTHN             ; 32             ; Untyped                ;
; LPM_WIDTHD             ; 8              ; Untyped                ;
; LPM_NREPRESENTATION    ; SIGNED         ; Untyped                ;
; LPM_DREPRESENTATION    ; SIGNED         ; Untyped                ;
; LPM_PIPELINE           ; 0              ; Untyped                ;
; LPM_REMAINDERPOSITIVE  ; FALSE          ; Untyped                ;
; MAXIMIZE_SPEED         ; 5              ; Untyped                ;
; CBXI_PARAMETER         ; lpm_divide_ibo ; Untyped                ;
; CARRY_CHAIN            ; MANUAL         ; Untyped                ;
; OPTIMIZE_FOR_SPEED     ; 5              ; Untyped                ;
; AUTO_CARRY_CHAINS      ; ON             ; AUTO_CARRY             ;
; IGNORE_CARRY_BUFFERS   ; OFF            ; IGNORE_CARRY           ;
; AUTO_CASCADE_CHAINS    ; ON             ; AUTO_CASCADE           ;
; IGNORE_CASCADE_BUFFERS ; OFF            ; IGNORE_CASCADE         ;
+------------------------+----------------+------------------------+
Note: In order to hide this table in the UI and the text report file, please set the "Show Parameter Settings in Synthesis Report" option in "Analysis and Synthesis Settings -> More Settings" to "Off".


+------------------------------------------------------------------+
; Parameter Settings for Inferred Entity Instance: lpm_divide:Mod2 ;
+------------------------+----------------+------------------------+
; Parameter Name         ; Value          ; Type                   ;
+------------------------+----------------+------------------------+
; LPM_WIDTHN             ; 32             ; Untyped                ;
; LPM_WIDTHD             ; 32             ; Untyped                ;
; LPM_NREPRESENTATION    ; SIGNED         ; Untyped                ;
; LPM_DREPRESENTATION    ; SIGNED         ; Untyped                ;
; LPM_PIPELINE           ; 0              ; Untyped                ;
; LPM_REMAINDERPOSITIVE  ; FALSE          ; Untyped                ;
; MAXIMIZE_SPEED         ; 5              ; Untyped                ;
; CBXI_PARAMETER         ; lpm_divide_25o ; Untyped                ;
; CARRY_CHAIN            ; MANUAL         ; Untyped                ;
; OPTIMIZE_FOR_SPEED     ; 5              ; Untyped                ;
; AUTO_CARRY_CHAINS      ; ON             ; AUTO_CARRY             ;
; IGNORE_CARRY_BUFFERS   ; OFF            ; IGNORE_CARRY           ;
; AUTO_CASCADE_CHAINS    ; ON             ; AUTO_CASCADE           ;
; IGNORE_CASCADE_BUFFERS ; OFF            ; IGNORE_CASCADE         ;
+------------------------+----------------+------------------------+
Note: In order to hide this table in the UI and the text report file, please set the "Show Parameter Settings in Synthesis Report" option in "Analysis and Synthesis Settings -> More Settings" to "Off".


+------------------------------------------------------------------+
; Parameter Settings for Inferred Entity Instance: lpm_divide:Div2 ;
+------------------------+----------------+------------------------+
; Parameter Name         ; Value          ; Type                   ;
+------------------------+----------------+------------------------+
; LPM_WIDTHN             ; 32             ; Untyped                ;
; LPM_WIDTHD             ; 11             ; Untyped                ;
; LPM_NREPRESENTATION    ; SIGNED         ; Untyped                ;
; LPM_DREPRESENTATION    ; SIGNED         ; Untyped                ;
; LPM_PIPELINE           ; 0              ; Untyped                ;
; LPM_REMAINDERPOSITIVE  ; FALSE          ; Untyped                ;
; MAXIMIZE_SPEED         ; 5              ; Untyped                ;
; CBXI_PARAMETER         ; lpm_divide_sco ; Untyped                ;
; CARRY_CHAIN            ; MANUAL         ; Untyped                ;
; OPTIMIZE_FOR_SPEED     ; 5              ; Untyped                ;
; AUTO_CARRY_CHAINS      ; ON             ; AUTO_CARRY             ;
; IGNORE_CARRY_BUFFERS   ; OFF            ; IGNORE_CARRY           ;
; AUTO_CASCADE_CHAINS    ; ON             ; AUTO_CASCADE           ;
; IGNORE_CASCADE_BUFFERS ; OFF            ; IGNORE_CASCADE         ;
+------------------------+----------------+------------------------+
Note: In order to hide this table in the UI and the text report file, please set the "Show Parameter Settings in Synthesis Report" option in "Analysis and Synthesis Settings -> More Settings" to "Off".


+------------------------------------------------------------------+
; Parameter Settings for Inferred Entity Instance: lpm_divide:Mod3 ;
+------------------------+----------------+------------------------+
; Parameter Name         ; Value          ; Type                   ;
+------------------------+----------------+------------------------+
; LPM_WIDTHN             ; 32             ; Untyped                ;
; LPM_WIDTHD             ; 32             ; Untyped                ;
; LPM_NREPRESENTATION    ; SIGNED         ; Untyped                ;
; LPM_DREPRESENTATION    ; SIGNED         ; Untyped                ;
; LPM_PIPELINE           ; 0              ; Untyped                ;
; LPM_REMAINDERPOSITIVE  ; FALSE          ; Untyped                ;
; MAXIMIZE_SPEED         ; 5              ; Untyped                ;
; CBXI_PARAMETER         ; lpm_divide_25o ; Untyped                ;
; CARRY_CHAIN            ; MANUAL         ; Untyped                ;
; OPTIMIZE_FOR_SPEED     ; 5              ; Untyped                ;
; AUTO_CARRY_CHAINS      ; ON             ; AUTO_CARRY             ;
; IGNORE_CARRY_BUFFERS   ; OFF            ; IGNORE_CARRY           ;
; AUTO_CASCADE_CHAINS    ; ON             ; AUTO_CASCADE           ;
; IGNORE_CASCADE_BUFFERS ; OFF            ; IGNORE_CASCADE         ;
+------------------------+----------------+------------------------+
Note: In order to hide this table in the UI and the text report file, please set the "Show Parameter Settings in Synthesis Report" option in "Analysis and Synthesis Settings -> More Settings" to "Off".


+------------------------------------------------------------------+
; Parameter Settings for Inferred Entity Instance: lpm_divide:Div3 ;
+------------------------+----------------+------------------------+
; Parameter Name         ; Value          ; Type                   ;
+------------------------+----------------+------------------------+
; LPM_WIDTHN             ; 32             ; Untyped                ;
; LPM_WIDTHD             ; 15             ; Untyped                ;
; LPM_NREPRESENTATION    ; SIGNED         ; Untyped                ;
; LPM_DREPRESENTATION    ; SIGNED         ; Untyped                ;
; LPM_PIPELINE           ; 0              ; Untyped                ;
; LPM_REMAINDERPOSITIVE  ; FALSE          ; Untyped                ;
; MAXIMIZE_SPEED         ; 5              ; Untyped                ;
; CBXI_PARAMETER         ; lpm_divide_0do ; Untyped                ;
; CARRY_CHAIN            ; MANUAL         ; Untyped                ;
; OPTIMIZE_FOR_SPEED     ; 5              ; Untyped                ;
; AUTO_CARRY_CHAINS      ; ON             ; AUTO_CARRY             ;
; IGNORE_CARRY_BUFFERS   ; OFF            ; IGNORE_CARRY           ;
; AUTO_CASCADE_CHAINS    ; ON             ; AUTO_CASCADE           ;
; IGNORE_CASCADE_BUFFERS ; OFF            ; IGNORE_CASCADE         ;
+------------------------+----------------+------------------------+
Note: In order to hide this table in the UI and the text report file, please set the "Show Parameter Settings in Synthesis Report" option in "Analysis and Synthesis Settings -> More Settings" to "Off".


+------------------------------------------------------------------+
; Parameter Settings for Inferred Entity Instance: lpm_divide:Mod4 ;
+------------------------+----------------+------------------------+
; Parameter Name         ; Value          ; Type                   ;
+------------------------+----------------+------------------------+
; LPM_WIDTHN             ; 32             ; Untyped                ;
; LPM_WIDTHD             ; 32             ; Untyped                ;
; LPM_NREPRESENTATION    ; SIGNED         ; Untyped                ;
; LPM_DREPRESENTATION    ; SIGNED         ; Untyped                ;
; LPM_PIPELINE           ; 0              ; Untyped                ;
; LPM_REMAINDERPOSITIVE  ; FALSE          ; Untyped                ;
; MAXIMIZE_SPEED         ; 5              ; Untyped                ;
; CBXI_PARAMETER         ; lpm_divide_25o ; Untyped                ;
; CARRY_CHAIN            ; MANUAL         ; Untyped                ;
; OPTIMIZE_FOR_SPEED     ; 5              ; Untyped                ;
; AUTO_CARRY_CHAINS      ; ON             ; AUTO_CARRY             ;
; IGNORE_CARRY_BUFFERS   ; OFF            ; IGNORE_CARRY           ;
; AUTO_CASCADE_CHAINS    ; ON             ; AUTO_CASCADE           ;
; IGNORE_CASCADE_BUFFERS ; OFF            ; IGNORE_CASCADE         ;
+------------------------+----------------+------------------------+
Note: In order to hide this table in the UI and the text report file, please set the "Show Parameter Settings in Synthesis Report" option in "Analysis and Synthesis Settings -> More Settings" to "Off".


+-----------------------------------------------------+
; Post-Synthesis Netlist Statistics for Top Partition ;
+-----------------------+-----------------------------+
; Type                  ; Count                       ;
+-----------------------+-----------------------------+
; boundary_port         ; 39                          ;
; cycloneiii_ff         ; 84                          ;
;     SCLR              ; 32                          ;
;     plain             ; 52                          ;
; cycloneiii_lcell_comb ; 10359                       ;
;     arith             ; 3373                        ;
;         1 data inputs ; 27                          ;
;         2 data inputs ; 220                         ;
;         3 data inputs ; 3126                        ;
;     normal            ; 6986                        ;
;         0 data inputs ; 228                         ;
;         1 data inputs ; 8                           ;
;         2 data inputs ; 3380                        ;
;         3 data inputs ; 179                         ;
;         4 data inputs ; 3191                        ;
;                       ;                             ;
; Max LUT depth         ; 206.50                      ;
; Average LUT depth     ; 171.83                      ;
+-----------------------+-----------------------------+


+-------------------------------+
; Elapsed Time Per Partition    ;
+----------------+--------------+
; Partition Name ; Elapsed Time ;
+----------------+--------------+
; Top            ; 00:00:19     ;
+----------------+--------------+


+-------------------------------+
; Analysis & Synthesis Messages ;
+-------------------------------+
Info: *******************************************************************
Info: Running Quartus Prime Analysis & Synthesis
    Info: Version 22.1std.2 Build 922 07/20/2023 SC Lite Edition
    Info: Processing started: Wed Nov 22 23:59:57 2023
Info: Command: quartus_map --read_settings_files=on --write_settings_files=off DSD -c DSD
Warning (18236): Number of processors has not been specified which may cause overloading on shared machines.  Set the global assignment NUM_PARALLEL_PROCESSORS in your QSF to an appropriate value for best performance.
Info (20030): Parallel compilation is enabled and will use 16 of the 16 processors detected
Info (12021): Found 2 design units, including 1 entities, in source file playground.vhd
    Info (12022): Found design unit 1: DSD-MyArchitecture File: C:/Users/emerg/Desktop/GUC/Project/playground.vhd Line: 24
    Info (12023): Found entity 1: DSD File: C:/Users/emerg/Desktop/GUC/Project/playground.vhd Line: 14
Info (12021): Found 3 design units, including 1 entities, in source file work/7_segment.vhd
    Info (12022): Found design unit 1: seven_segment-arch_seven_segment File: C:/Users/emerg/Desktop/GUC/Project/work/7_segment.vhd Line: 15
    Info (12022): Found design unit 2: seven_segment_pkg File: C:/Users/emerg/Desktop/GUC/Project/work/7_segment.vhd Line: 42
    Info (12023): Found entity 1: seven_segment File: C:/Users/emerg/Desktop/GUC/Project/work/7_segment.vhd Line: 7
Info (12021): Found 3 design units, including 1 entities, in source file work/motor_driver.vhd
    Info (12022): Found design unit 1: motor_driver-motor_driver_arch File: C:/Users/emerg/Desktop/GUC/Project/work/motor_driver.vhd Line: 15
    Info (12022): Found design unit 2: motor_driver_pkg File: C:/Users/emerg/Desktop/GUC/Project/work/motor_driver.vhd Line: 52
    Info (12023): Found entity 1: motor_driver File: C:/Users/emerg/Desktop/GUC/Project/work/motor_driver.vhd Line: 7
Info (12127): Elaborating entity "DSD" for the top level hierarchy
Info (12128): Elaborating entity "seven_segment" for hierarchy "seven_segment:digit0" File: C:/Users/emerg/Desktop/GUC/Project/playground.vhd Line: 42
Info (12128): Elaborating entity "motor_driver" for hierarchy "motor_driver:motorStage" File: C:/Users/emerg/Desktop/GUC/Project/playground.vhd Line: 48
Warning (10540): VHDL Signal Declaration warning at motor_driver.vhd(18): used explicit default value for signal "speedCtrl" because signal was never assigned a value File: C:/Users/emerg/Desktop/GUC/Project/work/motor_driver.vhd Line: 18
Info (278001): Inferred 9 megafunctions from design logic
    Info (278004): Inferred divider/modulo megafunction ("lpm_divide") from the following logic: "Mod0" File: C:/Users/emerg/Desktop/GUC/Project/playground.vhd Line: 58
    Info (278004): Inferred divider/modulo megafunction ("lpm_divide") from the following logic: "Div0" File: C:/Users/emerg/Desktop/GUC/Project/playground.vhd Line: 60
    Info (278004): Inferred divider/modulo megafunction ("lpm_divide") from the following logic: "Mod1" File: C:/Users/emerg/Desktop/GUC/Project/playground.vhd Line: 60
    Info (278004): Inferred divider/modulo megafunction ("lpm_divide") from the following logic: "Div1" File: C:/Users/emerg/Desktop/GUC/Project/playground.vhd Line: 62
    Info (278004): Inferred divider/modulo megafunction ("lpm_divide") from the following logic: "Mod2" File: C:/Users/emerg/Desktop/GUC/Project/playground.vhd Line: 62
    Info (278004): Inferred divider/modulo megafunction ("lpm_divide") from the following logic: "Div2" File: C:/Users/emerg/Desktop/GUC/Project/playground.vhd Line: 64
    Info (278004): Inferred divider/modulo megafunction ("lpm_divide") from the following logic: "Mod3" File: C:/Users/emerg/Desktop/GUC/Project/playground.vhd Line: 64
    Info (278004): Inferred divider/modulo megafunction ("lpm_divide") from the following logic: "Div3" File: C:/Users/emerg/Desktop/GUC/Project/playground.vhd Line: 66
    Info (278004): Inferred divider/modulo megafunction ("lpm_divide") from the following logic: "Mod4" File: C:/Users/emerg/Desktop/GUC/Project/playground.vhd Line: 66
Info (12130): Elaborated megafunction instantiation "lpm_divide:Mod0" File: C:/Users/emerg/Desktop/GUC/Project/playground.vhd Line: 58
Info (12133): Instantiated megafunction "lpm_divide:Mod0" with the following parameter: File: C:/Users/emerg/Desktop/GUC/Project/playground.vhd Line: 58
    Info (12134): Parameter "LPM_WIDTHN" = "32"
    Info (12134): Parameter "LPM_WIDTHD" = "32"
    Info (12134): Parameter "LPM_NREPRESENTATION" = "SIGNED"
    Info (12134): Parameter "LPM_DREPRESENTATION" = "SIGNED"
    Info (12134): Parameter "LPM_HINT" = "LPM_REMAINDERPOSITIVE=FALSE"
Info (12021): Found 1 design units, including 1 entities, in source file db/lpm_divide_25o.tdf
    Info (12023): Found entity 1: lpm_divide_25o File: C:/Users/emerg/Desktop/GUC/Project/db/lpm_divide_25o.tdf Line: 25
Info (12021): Found 1 design units, including 1 entities, in source file db/abs_divider_4dg.tdf
    Info (12023): Found entity 1: abs_divider_4dg File: C:/Users/emerg/Desktop/GUC/Project/db/abs_divider_4dg.tdf Line: 27
Info (12021): Found 1 design units, including 1 entities, in source file db/alt_u_div_ske.tdf
    Info (12023): Found entity 1: alt_u_div_ske File: C:/Users/emerg/Desktop/GUC/Project/db/alt_u_div_ske.tdf Line: 27
Info (12021): Found 1 design units, including 1 entities, in source file db/add_sub_t3c.tdf
    Info (12023): Found entity 1: add_sub_t3c File: C:/Users/emerg/Desktop/GUC/Project/db/add_sub_t3c.tdf Line: 23
Info (12021): Found 1 design units, including 1 entities, in source file db/add_sub_u3c.tdf
    Info (12023): Found entity 1: add_sub_u3c File: C:/Users/emerg/Desktop/GUC/Project/db/add_sub_u3c.tdf Line: 23
Info (12021): Found 1 design units, including 1 entities, in source file db/lpm_abs_8b9.tdf
    Info (12023): Found entity 1: lpm_abs_8b9 File: C:/Users/emerg/Desktop/GUC/Project/db/lpm_abs_8b9.tdf Line: 25
Info (12130): Elaborated megafunction instantiation "lpm_divide:Div0" File: C:/Users/emerg/Desktop/GUC/Project/playground.vhd Line: 60
Info (12133): Instantiated megafunction "lpm_divide:Div0" with the following parameter: File: C:/Users/emerg/Desktop/GUC/Project/playground.vhd Line: 60
    Info (12134): Parameter "LPM_WIDTHN" = "32"
    Info (12134): Parameter "LPM_WIDTHD" = "5"
    Info (12134): Parameter "LPM_NREPRESENTATION" = "SIGNED"
    Info (12134): Parameter "LPM_DREPRESENTATION" = "SIGNED"
    Info (12134): Parameter "LPM_HINT" = "LPM_REMAINDERPOSITIVE=FALSE"
Info (12021): Found 1 design units, including 1 entities, in source file db/lpm_divide_fbo.tdf
    Info (12023): Found entity 1: lpm_divide_fbo File: C:/Users/emerg/Desktop/GUC/Project/db/lpm_divide_fbo.tdf Line: 25
Info (12021): Found 1 design units, including 1 entities, in source file db/abs_divider_kbg.tdf
    Info (12023): Found entity 1: abs_divider_kbg File: C:/Users/emerg/Desktop/GUC/Project/db/abs_divider_kbg.tdf Line: 29
Info (12021): Found 1 design units, including 1 entities, in source file db/alt_u_div_she.tdf
    Info (12023): Found entity 1: alt_u_div_she File: C:/Users/emerg/Desktop/GUC/Project/db/alt_u_div_she.tdf Line: 27
Info (12021): Found 1 design units, including 1 entities, in source file db/lpm_abs_o99.tdf
    Info (12023): Found entity 1: lpm_abs_o99 File: C:/Users/emerg/Desktop/GUC/Project/db/lpm_abs_o99.tdf Line: 25
Info (12130): Elaborated megafunction instantiation "lpm_divide:Div1" File: C:/Users/emerg/Desktop/GUC/Project/playground.vhd Line: 62
Info (12133): Instantiated megafunction "lpm_divide:Div1" with the following parameter: File: C:/Users/emerg/Desktop/GUC/Project/playground.vhd Line: 62
    Info (12134): Parameter "LPM_WIDTHN" = "32"
    Info (12134): Parameter "LPM_WIDTHD" = "8"
    Info (12134): Parameter "LPM_NREPRESENTATION" = "SIGNED"
    Info (12134): Parameter "LPM_DREPRESENTATION" = "SIGNED"
    Info (12134): Parameter "LPM_HINT" = "LPM_REMAINDERPOSITIVE=FALSE"
Info (12021): Found 1 design units, including 1 entities, in source file db/lpm_divide_ibo.tdf
    Info (12023): Found entity 1: lpm_divide_ibo File: C:/Users/emerg/Desktop/GUC/Project/db/lpm_divide_ibo.tdf Line: 25
Info (12021): Found 1 design units, including 1 entities, in source file db/abs_divider_nbg.tdf
    Info (12023): Found entity 1: abs_divider_nbg File: C:/Users/emerg/Desktop/GUC/Project/db/abs_divider_nbg.tdf Line: 29
Info (12021): Found 1 design units, including 1 entities, in source file db/alt_u_div_2ie.tdf
    Info (12023): Found entity 1: alt_u_div_2ie File: C:/Users/emerg/Desktop/GUC/Project/db/alt_u_div_2ie.tdf Line: 27
Info (12021): Found 1 design units, including 1 entities, in source file db/lpm_abs_r99.tdf
    Info (12023): Found entity 1: lpm_abs_r99 File: C:/Users/emerg/Desktop/GUC/Project/db/lpm_abs_r99.tdf Line: 25
Info (12130): Elaborated megafunction instantiation "lpm_divide:Div2" File: C:/Users/emerg/Desktop/GUC/Project/playground.vhd Line: 64
Info (12133): Instantiated megafunction "lpm_divide:Div2" with the following parameter: File: C:/Users/emerg/Desktop/GUC/Project/playground.vhd Line: 64
    Info (12134): Parameter "LPM_WIDTHN" = "32"
    Info (12134): Parameter "LPM_WIDTHD" = "11"
    Info (12134): Parameter "LPM_NREPRESENTATION" = "SIGNED"
    Info (12134): Parameter "LPM_DREPRESENTATION" = "SIGNED"
    Info (12134): Parameter "LPM_HINT" = "LPM_REMAINDERPOSITIVE=FALSE"
Info (12021): Found 1 design units, including 1 entities, in source file db/lpm_divide_sco.tdf
    Info (12023): Found entity 1: lpm_divide_sco File: C:/Users/emerg/Desktop/GUC/Project/db/lpm_divide_sco.tdf Line: 25
Info (12021): Found 1 design units, including 1 entities, in source file db/abs_divider_1dg.tdf
    Info (12023): Found entity 1: abs_divider_1dg File: C:/Users/emerg/Desktop/GUC/Project/db/abs_divider_1dg.tdf Line: 29
Info (12021): Found 1 design units, including 1 entities, in source file db/alt_u_div_mke.tdf
    Info (12023): Found entity 1: alt_u_div_mke File: C:/Users/emerg/Desktop/GUC/Project/db/alt_u_div_mke.tdf Line: 27
Info (12021): Found 1 design units, including 1 entities, in source file db/lpm_abs_5b9.tdf
    Info (12023): Found entity 1: lpm_abs_5b9 File: C:/Users/emerg/Desktop/GUC/Project/db/lpm_abs_5b9.tdf Line: 25
Info (12130): Elaborated megafunction instantiation "lpm_divide:Div3" File: C:/Users/emerg/Desktop/GUC/Project/playground.vhd Line: 66
Info (12133): Instantiated megafunction "lpm_divide:Div3" with the following parameter: File: C:/Users/emerg/Desktop/GUC/Project/playground.vhd Line: 66
    Info (12134): Parameter "LPM_WIDTHN" = "32"
    Info (12134): Parameter "LPM_WIDTHD" = "15"
    Info (12134): Parameter "LPM_NREPRESENTATION" = "SIGNED"
    Info (12134): Parameter "LPM_DREPRESENTATION" = "SIGNED"
    Info (12134): Parameter "LPM_HINT" = "LPM_REMAINDERPOSITIVE=FALSE"
Info (12021): Found 1 design units, including 1 entities, in source file db/lpm_divide_0do.tdf
    Info (12023): Found entity 1: lpm_divide_0do File: C:/Users/emerg/Desktop/GUC/Project/db/lpm_divide_0do.tdf Line: 25
Info (12021): Found 1 design units, including 1 entities, in source file db/abs_divider_5dg.tdf
    Info (12023): Found entity 1: abs_divider_5dg File: C:/Users/emerg/Desktop/GUC/Project/db/abs_divider_5dg.tdf Line: 29
Info (12021): Found 1 design units, including 1 entities, in source file db/alt_u_div_uke.tdf
    Info (12023): Found entity 1: alt_u_div_uke File: C:/Users/emerg/Desktop/GUC/Project/db/alt_u_div_uke.tdf Line: 27
Info (12021): Found 1 design units, including 1 entities, in source file db/lpm_abs_9b9.tdf
    Info (12023): Found entity 1: lpm_abs_9b9 File: C:/Users/emerg/Desktop/GUC/Project/db/lpm_abs_9b9.tdf Line: 25
Info (13014): Ignored 260 buffer(s)
    Info (13016): Ignored 260 CARRY_SUM buffer(s)
Info (286030): Timing-Driven Synthesis is running
Info (16010): Generating hard_block partition "hard_block:auto_generated_inst"
    Info (16011): Adding 0 node(s), including 0 DDIO, 0 PLL, 0 transceiver and 0 LCELL
Info (21057): Implemented 10393 device resources after synthesis - the final resource count might be different
    Info (21058): Implemented 2 input pins
    Info (21059): Implemented 37 output pins
    Info (21061): Implemented 10354 logic cells
Info: Quartus Prime Analysis & Synthesis was successful. 0 errors, 2 warnings
    Info: Peak virtual memory: 5012 megabytes
    Info: Processing ended: Thu Nov 23 00:00:32 2023
    Info: Elapsed time: 00:00:35
    Info: Total CPU time (on all processors): 00:00:31


